[2021-11-10 21:02:50] app.ERROR: Data from PrestaShop Addons is invalid, and cannot fallback on cache. [] []
[2021-11-10 21:02:51] app.INFO: Protect vendor folder in module blockwishlist [] []
[2021-11-10 21:02:51] app.INFO: Module blockwishlist has no vendor folder [] []
[2021-11-10 21:02:51] app.INFO: Protect vendor folder in module contactform [] []
[2021-11-10 21:02:51] app.INFO: Module contactform has no vendor folder [] []
[2021-11-10 21:02:52] app.INFO: Protect vendor folder in module dashactivity [] []
[2021-11-10 21:02:52] app.INFO: Module dashactivity has no vendor folder [] []
[2021-11-10 21:02:52] app.INFO: Protect vendor folder in module dashtrends [] []
[2021-11-10 21:02:52] app.INFO: Module dashtrends has no vendor folder [] []
[2021-11-10 21:02:52] app.INFO: Protect vendor folder in module dashgoals [] []
[2021-11-10 21:02:52] app.INFO: Module dashgoals has no vendor folder [] []
[2021-11-10 21:02:52] app.INFO: Protect vendor folder in module dashproducts [] []
[2021-11-10 21:02:52] app.INFO: Module dashproducts has no vendor folder [] []
[2021-11-10 21:02:52] app.INFO: Protect vendor folder in module graphnvd3 [] []
[2021-11-10 21:02:52] app.INFO: Module graphnvd3 has no vendor folder [] []
[2021-11-10 21:02:52] app.INFO: Protect vendor folder in module gridhtml [] []
[2021-11-10 21:02:52] app.INFO: Module gridhtml has no vendor folder [] []
[2021-11-10 21:02:52] app.INFO: Protect vendor folder in module gsitemap [] []
[2021-11-10 21:02:52] app.INFO: Module gsitemap has no vendor folder [] []
[2021-11-10 21:02:52] app.INFO: Protect vendor folder in module pagesnotfound [] []
[2021-11-10 21:02:52] app.INFO: Module pagesnotfound has no vendor folder [] []
[2021-11-10 21:02:53] app.INFO: Protect vendor folder in module productcomments [] []
[2021-11-10 21:02:53] app.INFO: Module productcomments has no vendor folder [] []
[2021-11-10 21:02:53] app.INFO: Protect vendor folder in module ps_banner [] []
[2021-11-10 21:02:53] app.INFO: Module ps_banner has no vendor folder [] []
[2021-11-10 21:02:53] app.INFO: Protect vendor folder in module ps_categorytree [] []
[2021-11-10 21:02:53] app.INFO: Module ps_categorytree has no vendor folder [] []
[2021-11-10 21:02:53] app.INFO: Protect vendor folder in module ps_checkpayment [] []
[2021-11-10 21:02:53] app.INFO: Module ps_checkpayment has no vendor folder [] []
[2021-11-10 21:02:53] app.INFO: Protect vendor folder in module ps_contactinfo [] []
[2021-11-10 21:02:53] app.INFO: Module ps_contactinfo has no vendor folder [] []
[2021-11-10 21:02:53] app.INFO: Protect vendor folder in module ps_crossselling [] []
[2021-11-10 21:02:53] app.INFO: Module ps_crossselling has no vendor folder [] []
[2021-11-10 21:02:53] app.INFO: Protect vendor folder in module ps_currencyselector [] []
[2021-11-10 21:02:53] app.INFO: Module ps_currencyselector has no vendor folder [] []
[2021-11-10 21:02:53] app.INFO: Protect vendor folder in module ps_customeraccountlinks [] []
[2021-11-10 21:02:53] app.INFO: Module ps_customeraccountlinks has no vendor folder [] []
[2021-11-10 21:02:53] app.INFO: Protect vendor folder in module ps_customersignin [] []
[2021-11-10 21:02:53] app.INFO: Module ps_customersignin has no vendor folder [] []
[2021-11-10 21:02:54] app.INFO: Protect vendor folder in module ps_customtext [] []
[2021-11-10 21:02:54] app.INFO: Module ps_customtext has no vendor folder [] []
[2021-11-10 21:02:54] app.INFO: Protect vendor folder in module ps_dataprivacy [] []
[2021-11-10 21:02:54] app.INFO: Module ps_dataprivacy has no vendor folder [] []
[2021-11-10 21:02:54] app.INFO: Protect vendor folder in module ps_emailsubscription [] []
[2021-11-10 21:02:54] app.INFO: Module ps_emailsubscription has no vendor folder [] []
[2021-11-10 21:02:55] app.INFO: Protect vendor folder in module ps_facetedsearch [] []
[2021-11-10 21:02:55] app.INFO: Module ps_facetedsearch has no vendor folder [] []
[2021-11-10 21:02:55] app.INFO: Protect vendor folder in module ps_faviconnotificationbo [] []
[2021-11-10 21:02:55] app.INFO: Module ps_faviconnotificationbo has no vendor folder [] []
[2021-11-10 21:02:55] app.INFO: Protect vendor folder in module ps_featuredproducts [] []
[2021-11-10 21:02:55] app.INFO: Module ps_featuredproducts has no vendor folder [] []
[2021-11-10 21:02:55] app.INFO: Protect vendor folder in module ps_imageslider [] []
[2021-11-10 21:02:55] app.INFO: Module ps_imageslider has no vendor folder [] []
[2021-11-10 21:02:55] app.INFO: Protect vendor folder in module ps_languageselector [] []
[2021-11-10 21:02:55] app.INFO: Module ps_languageselector has no vendor folder [] []
[2021-11-10 21:02:55] app.INFO: Protect vendor folder in module ps_linklist [] []
[2021-11-10 21:02:55] app.INFO: Module ps_linklist has no vendor folder [] []
[2021-11-10 21:02:56] app.INFO: Protect vendor folder in module ps_mainmenu [] []
[2021-11-10 21:02:56] app.INFO: Module ps_mainmenu has no vendor folder [] []
[2021-11-10 21:02:56] app.INFO: Protect vendor folder in module ps_searchbar [] []
[2021-11-10 21:02:56] app.INFO: Module ps_searchbar has no vendor folder [] []
[2021-11-10 21:02:56] app.INFO: Protect vendor folder in module ps_sharebuttons [] []
[2021-11-10 21:02:56] app.INFO: Module ps_sharebuttons has no vendor folder [] []
[2021-11-10 21:02:56] app.INFO: Protect vendor folder in module ps_shoppingcart [] []
[2021-11-10 21:02:56] app.INFO: Module ps_shoppingcart has no vendor folder [] []
[2021-11-10 21:02:56] app.INFO: Protect vendor folder in module ps_socialfollow [] []
[2021-11-10 21:02:56] app.INFO: Module ps_socialfollow has no vendor folder [] []
[2021-11-10 21:02:56] app.INFO: Protect vendor folder in module ps_themecusto [] []
[2021-11-10 21:02:56] app.INFO: Module ps_themecusto has no vendor folder [] []
[2021-11-10 21:02:56] app.INFO: Protect vendor folder in module ps_wirepayment [] []
[2021-11-10 21:02:56] app.INFO: Module ps_wirepayment has no vendor folder [] []
[2021-11-10 21:02:56] app.INFO: Protect vendor folder in module statsbestcategories [] []
[2021-11-10 21:02:56] app.INFO: Module statsbestcategories has no vendor folder [] []
[2021-11-10 21:02:56] app.INFO: Protect vendor folder in module statsbestcustomers [] []
[2021-11-10 21:02:56] app.INFO: Module statsbestcustomers has no vendor folder [] []
[2021-11-10 21:02:56] app.INFO: Protect vendor folder in module statsbestproducts [] []
[2021-11-10 21:02:56] app.INFO: Module statsbestproducts has no vendor folder [] []
[2021-11-10 21:02:56] app.INFO: Protect vendor folder in module statsbestsuppliers [] []
[2021-11-10 21:02:56] app.INFO: Module statsbestsuppliers has no vendor folder [] []
[2021-11-10 21:02:57] app.INFO: Protect vendor folder in module statsbestvouchers [] []
[2021-11-10 21:02:57] app.INFO: Module statsbestvouchers has no vendor folder [] []
[2021-11-10 21:02:57] app.INFO: Protect vendor folder in module statscarrier [] []
[2021-11-10 21:02:57] app.INFO: Module statscarrier has no vendor folder [] []
[2021-11-10 21:02:57] app.INFO: Protect vendor folder in module statscatalog [] []
[2021-11-10 21:02:57] app.INFO: Module statscatalog has no vendor folder [] []
[2021-11-10 21:02:57] app.INFO: Protect vendor folder in module statscheckup [] []
[2021-11-10 21:02:57] app.INFO: Module statscheckup has no vendor folder [] []
[2021-11-10 21:02:57] app.INFO: Protect vendor folder in module statsdata [] []
[2021-11-10 21:02:57] app.INFO: Module statsdata has no vendor folder [] []
[2021-11-10 21:02:57] app.INFO: Protect vendor folder in module statsforecast [] []
[2021-11-10 21:02:57] app.INFO: Module statsforecast has no vendor folder [] []
[2021-11-10 21:02:57] app.INFO: Protect vendor folder in module statsnewsletter [] []
[2021-11-10 21:02:57] app.INFO: Module statsnewsletter has no vendor folder [] []
[2021-11-10 21:02:57] app.INFO: Protect vendor folder in module statspersonalinfos [] []
[2021-11-10 21:02:57] app.INFO: Module statspersonalinfos has no vendor folder [] []
[2021-11-10 21:02:57] app.INFO: Protect vendor folder in module statsproduct [] []
[2021-11-10 21:02:57] app.INFO: Module statsproduct has no vendor folder [] []
[2021-11-10 21:02:57] app.INFO: Protect vendor folder in module statsregistrations [] []
[2021-11-10 21:02:57] app.INFO: Module statsregistrations has no vendor folder [] []
[2021-11-10 21:02:57] app.INFO: Protect vendor folder in module statssales [] []
[2021-11-10 21:02:57] app.INFO: Module statssales has no vendor folder [] []
[2021-11-10 21:02:57] app.INFO: Protect vendor folder in module statssearch [] []
[2021-11-10 21:02:57] app.INFO: Module statssearch has no vendor folder [] []
[2021-11-10 21:02:57] app.INFO: Protect vendor folder in module statsstock [] []
[2021-11-10 21:02:57] app.INFO: Module statsstock has no vendor folder [] []
[2021-11-10 21:02:57] app.INFO: Protect vendor folder in module welcome [] []
[2021-11-10 21:02:57] app.INFO: Module welcome has no vendor folder [] []
[2021-11-10 21:04:53] app.ERROR: Data from PrestaShop Addons is invalid, and cannot fallback on cache. [] []
[2021-11-10 21:04:54] app.INFO: Protect vendor folder in module gamification [] []
[2021-11-10 21:04:54] app.INFO: Protect vendor folder in module psgdpr [] []
[2021-11-10 21:04:54] app.INFO: Protect vendor folder in module ps_mbo [] []
[2021-11-10 21:04:54] app.INFO: Protect vendor folder in module ps_buybuttonlite [] []
[2021-11-10 21:04:55] app.INFO: Protect vendor folder in module ps_checkout [] []
[2021-11-10 21:05:42] app.ERROR: Data from PrestaShop Addons is invalid, and cannot fallback on cache. [] []
[2021-11-10 21:05:42] app.INFO: Protect vendor folder in module blockreassurance [] []
[2021-11-10 21:05:42] app.INFO: Module blockreassurance has no vendor folder [] []
[2021-11-10 21:06:36] app.ERROR: Data from PrestaShop Addons is invalid, and cannot fallback on cache. [] []
[2021-11-10 21:06:38] app.INFO: Protect vendor folder in module ps_facetedsearch [] []
[2021-11-10 21:06:38] app.INFO: Module ps_facetedsearch has no vendor folder [] []
[2021-11-11 17:51:39] request.CRITICAL: Uncaught PHP Exception SmartyException: "unable to write file C:\laragon\www\prestashop\var\cache\prod\smarty\compile\be\5a\58\be5a586254a78e364b23cbaf09cc0f13a2e61916_0.file.login_addons.tpl.php" at C:\laragon\www\prestashop\vendor\smarty\smarty\libs\sysplugins\smarty_internal_runtime_writefile.php line 90 {"exception":"[object] (SmartyException(code: 0): unable to write file C:\\laragon\\www\\prestashop\\var\\cache\\prod\\smarty\\compile\\be\\5a\\58\\be5a586254a78e364b23cbaf09cc0f13a2e61916_0.file.login_addons.tpl.php at C:\\laragon\\www\\prestashop\\vendor\\smarty\\smarty\\libs\\sysplugins\\smarty_internal_runtime_writefile.php:90)"} []
[2021-11-11 17:51:39] request.CRITICAL: Uncaught PHP Exception SmartyException: "unable to write file C:\laragon\www\prestashop\var\cache\prod\smarty\compile\be\5a\58\be5a586254a78e364b23cbaf09cc0f13a2e61916_0.file.login_addons.tpl.php" at C:\laragon\www\prestashop\vendor\smarty\smarty\libs\sysplugins\smarty_internal_runtime_writefile.php line 90 {"exception":"[object] (SmartyException(code: 0): unable to write file C:\\laragon\\www\\prestashop\\var\\cache\\prod\\smarty\\compile\\be\\5a\\58\\be5a586254a78e364b23cbaf09cc0f13a2e61916_0.file.login_addons.tpl.php at C:\\laragon\\www\\prestashop\\vendor\\smarty\\smarty\\libs\\sysplugins\\smarty_internal_runtime_writefile.php:90)"} []
[2021-11-11 17:51:39] request.CRITICAL: Exception thrown when handling an exception (RuntimeException: Failed to write cache file "C:\laragon\www\prestashop\var\cache\prod/twig/50/502b4e3218eb3447b57a7825196369f040b78e6781556dc3516e2802911692b7.php". at C:\laragon\www\prestashop\vendor\twig\twig\src\Cache\FilesystemCache.php line 80) {"exception":"[object] (RuntimeException(code: 0): Failed to write cache file \"C:\\laragon\\www\\prestashop\\var\\cache\\prod/twig/50/502b4e3218eb3447b57a7825196369f040b78e6781556dc3516e2802911692b7.php\". at C:\\laragon\\www\\prestashop\\vendor\\twig\\twig\\src\\Cache\\FilesystemCache.php:80)"} []
[2021-11-12 09:40:29] request.CRITICAL: Uncaught PHP Exception SmartyException: "unable to write file C:\laragon\www\prestashop\var\cache\prod\smarty\compile\be\5a\58\be5a586254a78e364b23cbaf09cc0f13a2e61916_0.file.login_addons.tpl.php" at C:\laragon\www\prestashop\vendor\smarty\smarty\libs\sysplugins\smarty_internal_runtime_writefile.php line 90 {"exception":"[object] (SmartyException(code: 0): unable to write file C:\\laragon\\www\\prestashop\\var\\cache\\prod\\smarty\\compile\\be\\5a\\58\\be5a586254a78e364b23cbaf09cc0f13a2e61916_0.file.login_addons.tpl.php at C:\\laragon\\www\\prestashop\\vendor\\smarty\\smarty\\libs\\sysplugins\\smarty_internal_runtime_writefile.php:90)"} []
[2021-11-12 09:40:48] request.CRITICAL: Uncaught PHP Exception SmartyException: "unable to write file C:\laragon\www\prestashop\var\cache\prod\smarty\compile\be\5a\58\be5a586254a78e364b23cbaf09cc0f13a2e61916_0.file.login_addons.tpl.php" at C:\laragon\www\prestashop\vendor\smarty\smarty\libs\sysplugins\smarty_internal_runtime_writefile.php line 90 {"exception":"[object] (SmartyException(code: 0): unable to write file C:\\laragon\\www\\prestashop\\var\\cache\\prod\\smarty\\compile\\be\\5a\\58\\be5a586254a78e364b23cbaf09cc0f13a2e61916_0.file.login_addons.tpl.php at C:\\laragon\\www\\prestashop\\vendor\\smarty\\smarty\\libs\\sysplugins\\smarty_internal_runtime_writefile.php:90)"} []
[2021-11-12 09:40:48] request.CRITICAL: Uncaught PHP Exception SmartyException: "unable to write file C:\laragon\www\prestashop\var\cache\prod\smarty\compile\be\5a\58\be5a586254a78e364b23cbaf09cc0f13a2e61916_0.file.login_addons.tpl.php" at C:\laragon\www\prestashop\vendor\smarty\smarty\libs\sysplugins\smarty_internal_runtime_writefile.php line 90 {"exception":"[object] (SmartyException(code: 0): unable to write file C:\\laragon\\www\\prestashop\\var\\cache\\prod\\smarty\\compile\\be\\5a\\58\\be5a586254a78e364b23cbaf09cc0f13a2e61916_0.file.login_addons.tpl.php at C:\\laragon\\www\\prestashop\\vendor\\smarty\\smarty\\libs\\sysplugins\\smarty_internal_runtime_writefile.php:90)"} []
[2021-11-12 09:40:48] request.CRITICAL: Uncaught PHP Exception SmartyException: "unable to write file C:\laragon\www\prestashop\var\cache\prod\smarty\compile\be\5a\58\be5a586254a78e364b23cbaf09cc0f13a2e61916_0.file.login_addons.tpl.php" at C:\laragon\www\prestashop\vendor\smarty\smarty\libs\sysplugins\smarty_internal_runtime_writefile.php line 90 {"exception":"[object] (SmartyException(code: 0): unable to write file C:\\laragon\\www\\prestashop\\var\\cache\\prod\\smarty\\compile\\be\\5a\\58\\be5a586254a78e364b23cbaf09cc0f13a2e61916_0.file.login_addons.tpl.php at C:\\laragon\\www\\prestashop\\vendor\\smarty\\smarty\\libs\\sysplugins\\smarty_internal_runtime_writefile.php:90)"} []
[2021-11-12 11:21:30] request.CRITICAL: Uncaught PHP Exception SmartyException: "unable to write file C:\laragon\www\prestashop\var\cache\prod\smarty\compile\be\5a\58\be5a586254a78e364b23cbaf09cc0f13a2e61916_0.file.login_addons.tpl.php" at C:\laragon\www\prestashop\vendor\smarty\smarty\libs\sysplugins\smarty_internal_runtime_writefile.php line 90 {"exception":"[object] (SmartyException(code: 0): unable to write file C:\\laragon\\www\\prestashop\\var\\cache\\prod\\smarty\\compile\\be\\5a\\58\\be5a586254a78e364b23cbaf09cc0f13a2e61916_0.file.login_addons.tpl.php at C:\\laragon\\www\\prestashop\\vendor\\smarty\\smarty\\libs\\sysplugins\\smarty_internal_runtime_writefile.php:90)"} []
[2021-11-12 11:21:30] request.CRITICAL: Uncaught PHP Exception SmartyException: "unable to write file C:\laragon\www\prestashop\var\cache\prod\smarty\compile\be\5a\58\be5a586254a78e364b23cbaf09cc0f13a2e61916_0.file.login_addons.tpl.php" at C:\laragon\www\prestashop\vendor\smarty\smarty\libs\sysplugins\smarty_internal_runtime_writefile.php line 90 {"exception":"[object] (SmartyException(code: 0): unable to write file C:\\laragon\\www\\prestashop\\var\\cache\\prod\\smarty\\compile\\be\\5a\\58\\be5a586254a78e364b23cbaf09cc0f13a2e61916_0.file.login_addons.tpl.php at C:\\laragon\\www\\prestashop\\vendor\\smarty\\smarty\\libs\\sysplugins\\smarty_internal_runtime_writefile.php:90)"} []
[2021-11-13 10:14:39] request.CRITICAL: Uncaught PHP Exception SmartyException: "unable to write file C:\laragon\www\prestashop\var\cache\prod\smarty\compile\be\5a\58\be5a586254a78e364b23cbaf09cc0f13a2e61916_0.file.login_addons.tpl.php" at C:\laragon\www\prestashop\vendor\smarty\smarty\libs\sysplugins\smarty_internal_runtime_writefile.php line 90 {"exception":"[object] (SmartyException(code: 0): unable to write file C:\\laragon\\www\\prestashop\\var\\cache\\prod\\smarty\\compile\\be\\5a\\58\\be5a586254a78e364b23cbaf09cc0f13a2e61916_0.file.login_addons.tpl.php at C:\\laragon\\www\\prestashop\\vendor\\smarty\\smarty\\libs\\sysplugins\\smarty_internal_runtime_writefile.php:90)"} []
[2021-11-14 19:18:09] request.CRITICAL: Uncaught PHP Exception SmartyException: "unable to write file C:\laragon\www\prestashop\var\cache\prod\smarty\compile\be\5a\58\be5a586254a78e364b23cbaf09cc0f13a2e61916_0.file.login_addons.tpl.php" at C:\laragon\www\prestashop\vendor\smarty\smarty\libs\sysplugins\smarty_internal_runtime_writefile.php line 90 {"exception":"[object] (SmartyException(code: 0): unable to write file C:\\laragon\\www\\prestashop\\var\\cache\\prod\\smarty\\compile\\be\\5a\\58\\be5a586254a78e364b23cbaf09cc0f13a2e61916_0.file.login_addons.tpl.php at C:\\laragon\\www\\prestashop\\vendor\\smarty\\smarty\\libs\\sysplugins\\smarty_internal_runtime_writefile.php:90)"} []
[2021-11-14 19:18:09] request.CRITICAL: Uncaught PHP Exception SmartyException: "unable to write file C:\laragon\www\prestashop\var\cache\prod\smarty\compile\be\5a\58\be5a586254a78e364b23cbaf09cc0f13a2e61916_0.file.login_addons.tpl.php" at C:\laragon\www\prestashop\vendor\smarty\smarty\libs\sysplugins\smarty_internal_runtime_writefile.php line 90 {"exception":"[object] (SmartyException(code: 0): unable to write file C:\\laragon\\www\\prestashop\\var\\cache\\prod\\smarty\\compile\\be\\5a\\58\\be5a586254a78e364b23cbaf09cc0f13a2e61916_0.file.login_addons.tpl.php at C:\\laragon\\www\\prestashop\\vendor\\smarty\\smarty\\libs\\sysplugins\\smarty_internal_runtime_writefile.php:90)"} []
[2021-11-14 19:18:09] request.CRITICAL: Exception thrown when handling an exception (RuntimeException: Failed to write cache file "C:\laragon\www\prestashop\var\cache\prod/twig/50/502b4e3218eb3447b57a7825196369f040b78e6781556dc3516e2802911692b7.php". at C:\laragon\www\prestashop\vendor\twig\twig\src\Cache\FilesystemCache.php line 80) {"exception":"[object] (RuntimeException(code: 0): Failed to write cache file \"C:\\laragon\\www\\prestashop\\var\\cache\\prod/twig/50/502b4e3218eb3447b57a7825196369f040b78e6781556dc3516e2802911692b7.php\". at C:\\laragon\\www\\prestashop\\vendor\\twig\\twig\\src\\Cache\\FilesystemCache.php:80)"} []
[2021-11-14 19:18:09] request.CRITICAL: Exception thrown when handling an exception (RuntimeException: Failed to write cache file "C:\laragon\www\prestashop\var\cache\prod/twig/50/502b4e3218eb3447b57a7825196369f040b78e6781556dc3516e2802911692b7.php". at C:\laragon\www\prestashop\vendor\twig\twig\src\Cache\FilesystemCache.php line 80) {"exception":"[object] (RuntimeException(code: 0): Failed to write cache file \"C:\\laragon\\www\\prestashop\\var\\cache\\prod/twig/50/502b4e3218eb3447b57a7825196369f040b78e6781556dc3516e2802911692b7.php\". at C:\\laragon\\www\\prestashop\\vendor\\twig\\twig\\src\\Cache\\FilesystemCache.php:80)"} []
[2021-11-14 19:53:36] request.CRITICAL: Uncaught PHP Exception SmartyException: "unable to write file C:\laragon\www\prestashop\var\cache\prod\smarty\compile\be\5a\58\be5a586254a78e364b23cbaf09cc0f13a2e61916_0.file.login_addons.tpl.php" at C:\laragon\www\prestashop\vendor\smarty\smarty\libs\sysplugins\smarty_internal_runtime_writefile.php line 90 {"exception":"[object] (SmartyException(code: 0): unable to write file C:\\laragon\\www\\prestashop\\var\\cache\\prod\\smarty\\compile\\be\\5a\\58\\be5a586254a78e364b23cbaf09cc0f13a2e61916_0.file.login_addons.tpl.php at C:\\laragon\\www\\prestashop\\vendor\\smarty\\smarty\\libs\\sysplugins\\smarty_internal_runtime_writefile.php:90)"} []
[2021-11-14 19:53:36] request.CRITICAL: Uncaught PHP Exception SmartyException: "unable to write file C:\laragon\www\prestashop\var\cache\prod\smarty\compile\be\5a\58\be5a586254a78e364b23cbaf09cc0f13a2e61916_0.file.login_addons.tpl.php" at C:\laragon\www\prestashop\vendor\smarty\smarty\libs\sysplugins\smarty_internal_runtime_writefile.php line 90 {"exception":"[object] (SmartyException(code: 0): unable to write file C:\\laragon\\www\\prestashop\\var\\cache\\prod\\smarty\\compile\\be\\5a\\58\\be5a586254a78e364b23cbaf09cc0f13a2e61916_0.file.login_addons.tpl.php at C:\\laragon\\www\\prestashop\\vendor\\smarty\\smarty\\libs\\sysplugins\\smarty_internal_runtime_writefile.php:90)"} []
[2021-11-14 19:53:36] request.CRITICAL: Exception thrown when handling an exception (RuntimeException: Failed to write cache file "C:\laragon\www\prestashop\var\cache\prod/twig/50/502b4e3218eb3447b57a7825196369f040b78e6781556dc3516e2802911692b7.php". at C:\laragon\www\prestashop\vendor\twig\twig\src\Cache\FilesystemCache.php line 80) {"exception":"[object] (RuntimeException(code: 0): Failed to write cache file \"C:\\laragon\\www\\prestashop\\var\\cache\\prod/twig/50/502b4e3218eb3447b57a7825196369f040b78e6781556dc3516e2802911692b7.php\". at C:\\laragon\\www\\prestashop\\vendor\\twig\\twig\\src\\Cache\\FilesystemCache.php:80)"} []
[2021-11-15 14:56:34] request.CRITICAL: Uncaught PHP Exception SmartyException: "unable to write file C:\laragon\www\prestashop\var\cache\prod\smarty\compile\be\5a\58\be5a586254a78e364b23cbaf09cc0f13a2e61916_0.file.login_addons.tpl.php" at C:\laragon\www\prestashop\vendor\smarty\smarty\libs\sysplugins\smarty_internal_runtime_writefile.php line 90 {"exception":"[object] (SmartyException(code: 0): unable to write file C:\\laragon\\www\\prestashop\\var\\cache\\prod\\smarty\\compile\\be\\5a\\58\\be5a586254a78e364b23cbaf09cc0f13a2e61916_0.file.login_addons.tpl.php at C:\\laragon\\www\\prestashop\\vendor\\smarty\\smarty\\libs\\sysplugins\\smarty_internal_runtime_writefile.php:90)"} []
